<?xml version="1.0" encoding="utf-8"?><testsuites name="pytest tests"><testsuite name="pytest" errors="0" failures="0" skipped="0" tests="4" time="1.383" timestamp="2026-06-07T09:27:11.712941+00:00" hostname="agent-env-8f6d4ca6-eb71-4795-9338-23bbe2f67d95"><testcase classname="backend.tests.test_findings_workflow" name="test_login" time="0.393" /><testcase classname="backend.tests.test_findings_workflow" name="test_findings_full_workflow" time="0.476" /><testcase classname="backend.tests.test_findings_workflow" name="test_findings_validation_missing_fields" time="0.357" /><testcase classname="backend.tests.test_findings_workflow" name="test_findings_inv000010_persistence" time="0.093" /></testsuite></testsuites>