<?xml version="1.0" encoding="utf-8"?><testsuites name="pytest tests"><testsuite name="pytest" errors="0" failures="1" skipped="0" tests="14" time="4.577" timestamp="2026-06-03T09:52:20.320050+00:00" hostname="agent-env-8f6d4ca6-eb71-4795-9338-23bbe2f67d95"><testcase classname="backend.tests.test_auth_and_core.TestAuth" name="test_login_admin_success" time="0.434" /><testcase classname="backend.tests.test_auth_and_core.TestAuth" name="test_login_invalid_credentials" time="0.347" /><testcase classname="backend.tests.test_auth_and_core.TestAuth" name="test_me_with_cookie" time="0.401" /><testcase classname="backend.tests.test_auth_and_core.TestAuth" name="test_me_without_cookie" time="0.110" /><testcase classname="backend.tests.test_auth_and_core.TestAuth" name="test_login_investigator" time="0.338" /><testcase classname="backend.tests.test_auth_and_core.TestAuth" name="test_logout" time="0.396" /><testcase classname="backend.tests.test_auth_and_core.TestAuth" name="test_cors_credentials_origin_not_wildcard" time="0.325"><failure message="AssertionError: CRITICAL CORS BUG: Allow-Origin='*' with Allow-Credentials=true is invalid per CORS spec. Browsers will reject cookies. Got: origin=*&#10;assert '*' != '*'">backend/tests/test_auth_and_core.py:66: in test_cors_credentials_origin_not_wildcard
    assert allow_origin != "*", (
E   AssertionError: CRITICAL CORS BUG: Allow-Origin='*' with Allow-Credentials=true is invalid per CORS spec. Browsers will reject cookies. Got: origin=*
E   assert '*' != '*'</failure></testcase><testcase classname="backend.tests.test_auth_and_core.TestCategories" name="test_list_categories_unauthed" time="0.103" /><testcase classname="backend.tests.test_auth_and_core.TestCategories" name="test_list_categories_authed" time="0.409" /><testcase classname="backend.tests.test_auth_and_core.TestCategories" name="test_list_subcategories" time="0.373" /><testcase classname="backend.tests.test_auth_and_core.TestCategories" name="test_list_service_categories" time="0.408" /><testcase classname="backend.tests.test_auth_and_core.TestUsers" name="test_list_users_as_admin" time="0.373" /><testcase classname="backend.tests.test_auth_and_core.TestUsers" name="test_list_users_unauthed" time="0.097" /><testcase classname="backend.tests.test_auth_and_core.TestInvestigations" name="test_list_investigations" time="0.365" /></testsuite></testsuites>